-----------------------------------------------------------------------------
|                               UFMG - 2021                                 |
|                             SiDB GateFinder:                              |
|                             Truth Table Log                               |
|                                                                           |
| Design: AND2                                                
| Description: SimAnneal results for all possible inputs of                 |
|              modified design.                                             |
| Developed by: Arthur Fortini & Gustavo Guedes                             |
-----------------------------------------------------------------------------

Report start:	2021-05-03 14:43:21.604596

-----------------------------------------------------------------------------
INPUTS							OUTPUTS
-----------------------------------------------------------------------------
IN0     IN1
--------------------
0		0				0
0		1				0
1		0				0
1		1				1
