05-03 14:18 gatefinder.toplevel INFO     Setting up logger for gateFinder application...
05-03 14:18 gatefinder.dbMap.Design INFO     creating an instance of Design
05-03 14:18 gatefinder.editor.Editor INFO     creating an instance of Editor
05-03 14:18 gatefinder.dbMap.DBDot INFO     creating an instance of DBDot
05-03 14:18 gatefinder.dbMap.DBDot INFO     creating an instance of DBDot
05-03 14:18 gatefinder.dbMap.DBDot INFO     creating an instance of DBDot
05-03 14:18 gatefinder.dbMap.DBDot INFO     creating an instance of DBDot
05-03 14:18 gatefinder.dbMap.DBDot INFO     creating an instance of DBDot
05-03 14:18 gatefinder.dbMap.DBDot INFO     creating an instance of DBDot
05-03 14:18 gatefinder.dbMap.DBDot INFO     creating an instance of DBDot
05-03 14:18 gatefinder.dbMap.DBDot INFO     creating an instance of DBDot
05-03 14:18 gatefinder.dbMap.DBDot INFO     creating an instance of DBDot
05-03 14:18 gatefinder.dbMap.DBDot INFO     creating an instance of DBDot
05-03 14:18 gatefinder.dbMap.DBDot INFO     creating an instance of DBDot
05-03 14:18 gatefinder.dbMap.DBDot INFO     creating an instance of DBDot
05-03 14:18 gatefinder.dbMap.DBDot DEBUG    Changing DB #0 latcoord from ('-3', '-2', '1') to (-3, -3, 1)
05-03 14:18 gatefinder.dbMap.DBDot DEBUG    Changing DB #0 physloc from ('-11.52', '-13.11') to (-11.52, -20.79)
05-03 14:18 gatefinder.dbMap.DBDot DEBUG    Changing DB #9 latcoord from ('-7', '-2', '1') to (-7, -7, 1)
05-03 14:18 gatefinder.dbMap.DBDot DEBUG    Changing DB #9 physloc from ('-26.88', '-13.11') to (-26.88, -51.51)
05-03 14:18 gatefinder.dbMap.DBDot DEBUG    Changing DB #2 latcoord from ('-13', '1', '1') to (-13, 1, 1)
05-03 14:18 gatefinder.dbMap.DBDot DEBUG    Changing DB #2 physloc from ('-49.92', '9.93') to (-49.92, 9.93)
05-03 14:18 gatefinder.dbMap.DBDot DEBUG    Changing DB #10 latcoord from ('-17', '1', '1') to (-17, 1, 1)
05-03 14:18 gatefinder.dbMap.DBDot DEBUG    Changing DB #10 physloc from ('-65.28', '9.93') to (-65.28, 9.93)
05-03 14:18 gatefinder.dbMap.DBDot DEBUG    Changing DB #4 latcoord from ('-3', '4', '0') to (-3, 5, 0)
05-03 14:18 gatefinder.dbMap.DBDot DEBUG    Changing DB #4 physloc from ('-11.52', '30.72') to (-11.52, 38.4)
05-03 14:18 gatefinder.dbMap.DBDot DEBUG    Changing DB #11 latcoord from ('-7', '4', '0') to (-7, 9, 0)
05-03 14:18 gatefinder.dbMap.DBDot DEBUG    Changing DB #11 physloc from ('-26.88', '30.72') to (-26.88, 69.12)
05-03 14:18 gatefinder.dbMap.DBDot DEBUG    Changing DB #9 latcoord from (-7, -7, 1) to (-7, -4, 1)
05-03 14:18 gatefinder.dbMap.DBDot DEBUG    Changing DB #9 physloc from (-26.88, -51.51) to (-26.88, -13.11)
05-03 14:18 gatefinder.dbMap.DBDot DEBUG    Changing DB #9 latcoord from (-7, -4, 1) to (-6, -4, 1)
05-03 14:18 gatefinder.dbMap.DBDot DEBUG    Changing DB #9 physloc from (-26.88, -13.11) to (-23.04, -13.11)
05-03 14:18 gatefinder.dbMap.DBDot DEBUG    Changing DB #11 latcoord from (-7, 9, 0) to (-7, 6, 0)
05-03 14:18 gatefinder.dbMap.DBDot DEBUG    Changing DB #11 physloc from (-26.88, 69.12) to (-26.88, 46.08)
05-03 14:18 gatefinder.dbMap.DBDot DEBUG    Changing DB #11 latcoord from (-7, 6, 0) to (-6, 6, 0)
05-03 14:18 gatefinder.dbMap.DBDot DEBUG    Changing DB #11 physloc from (-26.88, 46.08) to (-23.04, 46.08)
05-03 14:18 gatefinder.dbMap.DBDot DEBUG    Changing DB #9 latcoord from (-6, -4, 1) to (-6, -4, 0)
05-03 14:18 gatefinder.dbMap.DBDot DEBUG    Changing DB #9 physloc from (-23.04, -13.11) to (-23.04, -30.72)
05-03 14:18 gatefinder.dbMap.DBDot DEBUG    Changing DB #11 latcoord from (-6, 6, 0) to (-6, 6, 1)
05-03 14:18 gatefinder.dbMap.DBDot DEBUG    Changing DB #11 physloc from (-23.04, 46.08) to (-23.04, 48.33)
05-03 14:18 gatefinder.dbMap.DBDot DEBUG    Changing DB #2 latcoord from (-13, 1, 1) to (-11, 1, 1)
05-03 14:18 gatefinder.dbMap.DBDot DEBUG    Changing DB #2 physloc from (-49.92, 9.93) to (-42.239999999999995, 9.93)
05-03 14:18 gatefinder.dbMap.DBDot DEBUG    Changing DB #10 latcoord from (-17, 1, 1) to (-15, 1, 1)
05-03 14:18 gatefinder.dbMap.DBDot DEBUG    Changing DB #10 physloc from (-65.28, 9.93) to (-57.599999999999994, 9.93)
05-03 14:18 gatefinder.dbMap.DBDot DEBUG    Changing DB #3 latcoord from ('-11', '1', '1') to (-9, 1, 1)
05-03 14:18 gatefinder.dbMap.DBDot DEBUG    Changing DB #3 physloc from ('-42.24', '9.93') to (-34.56, 9.93)
05-03 14:18 gatefinder.dbMap.DBDot DEBUG    Changing DB #8 latcoord from ('14', '1', '1') to (13, 1, 1)
05-03 14:18 gatefinder.dbMap.DBDot DEBUG    Changing DB #8 physloc from ('53.76', '9.93') to (49.92, 9.93)
05-03 14:18 gatefinder.inputPermuter.Permuter INFO     creating an instance of Permuter
05-03 14:18 gatefinder.dbMap.DBDot INFO     creating an instance of DBDot
05-03 14:18 gatefinder.dbMap.DBDot INFO     creating an instance of DBDot
05-03 14:18 gatefinder.dbMap.DBDot INFO     creating an instance of DBDot
05-03 14:18 gatefinder.dbMap.DBDot INFO     creating an instance of DBDot
05-03 14:18 gatefinder.dbMap.DBDot INFO     creating an instance of DBDot
05-03 14:18 gatefinder.dbMap.DBDot INFO     creating an instance of DBDot
05-03 14:18 gatefinder.dbMap.DBDot INFO     creating an instance of DBDot
05-03 14:18 gatefinder.dbMap.DBDot INFO     creating an instance of DBDot
05-03 14:18 gatefinder.dbMap.DBDot INFO     creating an instance of DBDot
05-03 14:18 gatefinder.dbMap.DBDot INFO     creating an instance of DBDot
05-03 14:18 gatefinder.dbMap.DBDot INFO     creating an instance of DBDot
05-03 14:18 gatefinder.dbMap.DBDot INFO     creating an instance of DBDot
05-03 14:18 gatefinder.dbMap.DBDot INFO     creating an instance of DBDot
05-03 14:18 gatefinder.dbMap.DBDot INFO     creating an instance of DBDot
05-03 14:18 gatefinder.dbMap.DBDot INFO     creating an instance of DBDot
05-03 14:18 gatefinder.dbMap.DBDot INFO     creating an instance of DBDot
05-03 14:18 gatefinder.dbMap.DBDot INFO     creating an instance of DBDot
05-03 14:18 gatefinder.dbMap.DBDot INFO     creating an instance of DBDot
05-03 14:18 gatefinder.dbMap.DBDot INFO     creating an instance of DBDot
05-03 14:18 gatefinder.dbMap.DBDot INFO     creating an instance of DBDot
05-03 14:18 gatefinder.dbMap.DBDot INFO     creating an instance of DBDot
05-03 14:18 gatefinder.dbMap.DBDot INFO     creating an instance of DBDot
05-03 14:18 gatefinder.dbMap.DBDot INFO     creating an instance of DBDot
05-03 14:18 gatefinder.dbMap.DBDot INFO     creating an instance of DBDot
05-03 14:18 gatefinder.dbMap.DBDot INFO     creating an instance of DBDot
05-03 14:18 gatefinder.dbMap.DBDot INFO     creating an instance of DBDot
05-03 14:18 gatefinder.dbMap.DBDot INFO     creating an instance of DBDot
05-03 14:18 gatefinder.dbMap.DBDot INFO     creating an instance of DBDot
05-03 14:18 gatefinder.dbMap.DBDot INFO     creating an instance of DBDot
05-03 14:18 gatefinder.dbMap.DBDot INFO     creating an instance of DBDot
05-03 14:18 gatefinder.dbMap.DBDot INFO     creating an instance of DBDot
05-03 14:18 gatefinder.dbMap.DBDot INFO     creating an instance of DBDot
05-03 14:18 gatefinder.dbMap.DBDot INFO     creating an instance of DBDot
05-03 14:18 gatefinder.dbMap.DBDot INFO     creating an instance of DBDot
05-03 14:18 gatefinder.dbMap.DBDot DEBUG    Changing DB #1 layer_id from 2 to 2
05-03 14:18 gatefinder.dbMap.DBDot DEBUG    Changing DB #1 latcoord from ('13', '1', '1') to (-6, 6, 1)
05-03 14:18 gatefinder.dbMap.DBDot DEBUG    Changing DB #1 physloc from ('49.92', '9.93') to (-23.04, 48.33)
05-03 14:18 gatefinder.dbMap.DBDot DEBUG    Changing DB #1 color from #ff0000ff to #ffffff00
05-03 14:18 gatefinder.dbMap.DBDot INFO     creating an instance of DBDot
05-03 14:18 gatefinder.dbMap.DBDot DEBUG    Changing DB #1 layer_id from 2 to 2
05-03 14:18 gatefinder.dbMap.DBDot DEBUG    Changing DB #1 latcoord from ('-6', '6', '1') to (-15, 1, 1)
05-03 14:18 gatefinder.dbMap.DBDot DEBUG    Changing DB #1 physloc from ('-23.04', '48.33') to (-57.599999999999994, 9.93)
05-03 14:18 gatefinder.dbMap.DBDot DEBUG    Changing DB #1 color from #ffffff00 to #ffffff00
05-03 14:18 gatefinder.dbMap.DBDot INFO     creating an instance of DBDot
05-03 14:18 gatefinder.dbMap.DBDot INFO     creating an instance of DBDot
05-03 14:18 gatefinder.dbMap.DBDot INFO     creating an instance of DBDot
05-03 14:18 gatefinder.dbMap.DBDot INFO     creating an instance of DBDot
05-03 14:18 gatefinder.dbMap.DBDot INFO     creating an instance of DBDot
05-03 14:18 gatefinder.dbMap.DBDot INFO     creating an instance of DBDot
05-03 14:18 gatefinder.dbMap.DBDot INFO     creating an instance of DBDot
05-03 14:18 gatefinder.dbMap.DBDot INFO     creating an instance of DBDot
05-03 14:18 gatefinder.dbMap.DBDot INFO     creating an instance of DBDot
05-03 14:18 gatefinder.dbMap.DBDot INFO     creating an instance of DBDot
05-03 14:18 gatefinder.dbMap.DBDot INFO     creating an instance of DBDot
05-03 14:18 gatefinder.dbMap.DBDot INFO     creating an instance of DBDot
05-03 14:18 gatefinder.dbMap.DBDot DEBUG    Changing DB #1 layer_id from 2 to 2
05-03 14:18 gatefinder.dbMap.DBDot DEBUG    Changing DB #1 latcoord from ('-15', '1', '1') to (-6, -4, 0)
05-03 14:18 gatefinder.dbMap.DBDot DEBUG    Changing DB #1 physloc from ('-57.599999999999994', '9.93') to (-23.04, -30.72)
05-03 14:18 gatefinder.dbMap.DBDot DEBUG    Changing DB #1 color from #ffffff00 to #ffffff00
05-03 14:18 gatefinder.dbMap.DBDot INFO     creating an instance of DBDot
05-03 14:18 gatefinder.dbMap.DBDot INFO     creating an instance of DBDot
05-03 14:18 gatefinder.dbMap.DBDot INFO     creating an instance of DBDot
05-03 14:18 gatefinder.dbMap.DBDot INFO     creating an instance of DBDot
05-03 14:18 gatefinder.dbMap.DBDot INFO     creating an instance of DBDot
05-03 14:18 gatefinder.dbMap.DBDot INFO     creating an instance of DBDot
05-03 14:18 gatefinder.dbMap.DBDot INFO     creating an instance of DBDot
05-03 14:18 gatefinder.dbMap.DBDot INFO     creating an instance of DBDot
05-03 14:18 gatefinder.dbMap.DBDot INFO     creating an instance of DBDot
05-03 14:18 gatefinder.dbMap.DBDot INFO     creating an instance of DBDot
05-03 14:18 gatefinder.dbMap.DBDot INFO     creating an instance of DBDot
05-03 14:18 gatefinder.dbMap.DBDot INFO     creating an instance of DBDot
05-03 14:18 gatefinder.dbMap.DBDot DEBUG    Changing DB #1 layer_id from 2 to 2
05-03 14:18 gatefinder.dbMap.DBDot DEBUG    Changing DB #1 latcoord from ('-6', '-4', '0') to (-6, 6, 1)
05-03 14:18 gatefinder.dbMap.DBDot DEBUG    Changing DB #1 physloc from ('-23.04', '-30.72') to (-23.04, 48.33)
05-03 14:18 gatefinder.dbMap.DBDot DEBUG    Changing DB #1 color from #ffffff00 to #ffffff00
05-03 14:18 gatefinder.dbMap.Design INFO     creating an instance of Design
05-03 14:18 gatefinder.editor.Editor INFO     creating an instance of Editor
05-03 14:18 gatefinder.dbMap.DBDot INFO     creating an instance of DBDot
05-03 14:18 gatefinder.dbMap.DBDot INFO     creating an instance of DBDot
05-03 14:18 gatefinder.dbMap.DBDot INFO     creating an instance of DBDot
05-03 14:18 gatefinder.dbMap.DBDot INFO     creating an instance of DBDot
05-03 14:18 gatefinder.dbMap.DBDot INFO     creating an instance of DBDot
05-03 14:18 gatefinder.dbMap.DBDot INFO     creating an instance of DBDot
05-03 14:18 gatefinder.dbMap.DBDot INFO     creating an instance of DBDot
05-03 14:18 gatefinder.dbMap.DBDot INFO     creating an instance of DBDot
05-03 14:18 gatefinder.dbMap.DBDot INFO     creating an instance of DBDot
05-03 14:18 gatefinder.dbMap.Design INFO     creating an instance of Design
05-03 14:18 gatefinder.editor.Editor INFO     creating an instance of Editor
05-03 14:18 gatefinder.dbMap.DBDot INFO     creating an instance of DBDot
05-03 14:18 gatefinder.dbMap.DBDot INFO     creating an instance of DBDot
05-03 14:18 gatefinder.dbMap.DBDot INFO     creating an instance of DBDot
05-03 14:18 gatefinder.dbMap.DBDot INFO     creating an instance of DBDot
05-03 14:18 gatefinder.dbMap.DBDot INFO     creating an instance of DBDot
05-03 14:18 gatefinder.dbMap.DBDot INFO     creating an instance of DBDot
05-03 14:18 gatefinder.dbMap.DBDot INFO     creating an instance of DBDot
05-03 14:18 gatefinder.dbMap.DBDot INFO     creating an instance of DBDot
05-03 14:18 gatefinder.dbMap.DBDot INFO     creating an instance of DBDot
05-03 14:18 gatefinder.dbMap.DBDot INFO     creating an instance of DBDot
05-03 14:18 gatefinder.dbMap.Design INFO     creating an instance of Design
05-03 14:18 gatefinder.editor.Editor INFO     creating an instance of Editor
05-03 14:18 gatefinder.dbMap.DBDot INFO     creating an instance of DBDot
05-03 14:18 gatefinder.dbMap.DBDot INFO     creating an instance of DBDot
05-03 14:18 gatefinder.dbMap.DBDot INFO     creating an instance of DBDot
05-03 14:18 gatefinder.dbMap.DBDot INFO     creating an instance of DBDot
05-03 14:18 gatefinder.dbMap.DBDot INFO     creating an instance of DBDot
05-03 14:18 gatefinder.dbMap.DBDot INFO     creating an instance of DBDot
05-03 14:18 gatefinder.dbMap.DBDot INFO     creating an instance of DBDot
05-03 14:18 gatefinder.dbMap.DBDot INFO     creating an instance of DBDot
05-03 14:18 gatefinder.dbMap.DBDot INFO     creating an instance of DBDot
05-03 14:18 gatefinder.dbMap.DBDot INFO     creating an instance of DBDot
05-03 14:18 gatefinder.dbMap.Design INFO     creating an instance of Design
05-03 14:18 gatefinder.editor.Editor INFO     creating an instance of Editor
05-03 14:18 gatefinder.dbMap.DBDot INFO     creating an instance of DBDot
05-03 14:18 gatefinder.dbMap.DBDot INFO     creating an instance of DBDot
05-03 14:18 gatefinder.dbMap.DBDot INFO     creating an instance of DBDot
05-03 14:18 gatefinder.dbMap.DBDot INFO     creating an instance of DBDot
05-03 14:18 gatefinder.dbMap.DBDot INFO     creating an instance of DBDot
05-03 14:18 gatefinder.dbMap.DBDot INFO     creating an instance of DBDot
05-03 14:18 gatefinder.dbMap.DBDot INFO     creating an instance of DBDot
05-03 14:18 gatefinder.dbMap.DBDot INFO     creating an instance of DBDot
05-03 14:18 gatefinder.dbMap.DBDot INFO     creating an instance of DBDot
05-03 14:18 gatefinder.dbMap.DBDot INFO     creating an instance of DBDot
05-03 14:18 gatefinder.dbMap.DBDot INFO     creating an instance of DBDot
05-03 14:18 gatefinder.dbMap.Design INFO     creating an instance of Design
05-03 14:18 gatefinder.editor.Editor INFO     creating an instance of Editor
05-03 14:18 gatefinder.dbMap.DBDot INFO     creating an instance of DBDot
05-03 14:18 gatefinder.dbMap.DBDot INFO     creating an instance of DBDot
05-03 14:18 gatefinder.dbMap.DBDot INFO     creating an instance of DBDot
05-03 14:18 gatefinder.dbMap.DBDot INFO     creating an instance of DBDot
05-03 14:18 gatefinder.dbMap.DBDot INFO     creating an instance of DBDot
05-03 14:18 gatefinder.dbMap.DBDot INFO     creating an instance of DBDot
05-03 14:18 gatefinder.dbMap.DBDot INFO     creating an instance of DBDot
05-03 14:18 gatefinder.dbMap.DBDot INFO     creating an instance of DBDot
05-03 14:18 gatefinder.dbMap.DBDot INFO     creating an instance of DBDot
05-03 14:18 gatefinder.dbMap.DBDot INFO     creating an instance of DBDot
05-03 14:18 gatefinder.dbMap.Design INFO     creating an instance of Design
05-03 14:18 gatefinder.editor.Editor INFO     creating an instance of Editor
05-03 14:18 gatefinder.dbMap.DBDot INFO     creating an instance of DBDot
05-03 14:18 gatefinder.dbMap.DBDot INFO     creating an instance of DBDot
05-03 14:18 gatefinder.dbMap.DBDot INFO     creating an instance of DBDot
05-03 14:18 gatefinder.dbMap.DBDot INFO     creating an instance of DBDot
05-03 14:18 gatefinder.dbMap.DBDot INFO     creating an instance of DBDot
05-03 14:18 gatefinder.dbMap.DBDot INFO     creating an instance of DBDot
05-03 14:18 gatefinder.dbMap.DBDot INFO     creating an instance of DBDot
05-03 14:18 gatefinder.dbMap.DBDot INFO     creating an instance of DBDot
05-03 14:18 gatefinder.dbMap.DBDot INFO     creating an instance of DBDot
05-03 14:18 gatefinder.dbMap.DBDot INFO     creating an instance of DBDot
05-03 14:18 gatefinder.dbMap.DBDot INFO     creating an instance of DBDot
05-03 14:18 gatefinder.dbMap.Design INFO     creating an instance of Design
05-03 14:18 gatefinder.editor.Editor INFO     creating an instance of Editor
05-03 14:18 gatefinder.dbMap.DBDot INFO     creating an instance of DBDot
05-03 14:18 gatefinder.dbMap.DBDot INFO     creating an instance of DBDot
05-03 14:18 gatefinder.dbMap.DBDot INFO     creating an instance of DBDot
05-03 14:18 gatefinder.dbMap.DBDot INFO     creating an instance of DBDot
05-03 14:18 gatefinder.dbMap.DBDot INFO     creating an instance of DBDot
05-03 14:18 gatefinder.dbMap.DBDot INFO     creating an instance of DBDot
05-03 14:18 gatefinder.dbMap.DBDot INFO     creating an instance of DBDot
05-03 14:18 gatefinder.dbMap.DBDot INFO     creating an instance of DBDot
05-03 14:18 gatefinder.dbMap.DBDot INFO     creating an instance of DBDot
05-03 14:18 gatefinder.dbMap.DBDot INFO     creating an instance of DBDot
05-03 14:18 gatefinder.dbMap.DBDot INFO     creating an instance of DBDot
05-03 14:18 gatefinder.dbMap.Design INFO     creating an instance of Design
05-03 14:18 gatefinder.editor.Editor INFO     creating an instance of Editor
05-03 14:18 gatefinder.dbMap.DBDot INFO     creating an instance of DBDot
05-03 14:18 gatefinder.dbMap.DBDot INFO     creating an instance of DBDot
05-03 14:18 gatefinder.dbMap.DBDot INFO     creating an instance of DBDot
05-03 14:18 gatefinder.dbMap.DBDot INFO     creating an instance of DBDot
05-03 14:18 gatefinder.dbMap.DBDot INFO     creating an instance of DBDot
05-03 14:18 gatefinder.dbMap.DBDot INFO     creating an instance of DBDot
05-03 14:18 gatefinder.dbMap.DBDot INFO     creating an instance of DBDot
05-03 14:18 gatefinder.dbMap.DBDot INFO     creating an instance of DBDot
05-03 14:18 gatefinder.dbMap.DBDot INFO     creating an instance of DBDot
05-03 14:18 gatefinder.dbMap.DBDot INFO     creating an instance of DBDot
05-03 14:18 gatefinder.dbMap.DBDot INFO     creating an instance of DBDot
05-03 14:18 gatefinder.dbMap.DBDot INFO     creating an instance of DBDot
